<?xml version="1.0" encoding="utf-8"?><testsuites name="pytest tests"><testsuite name="pytest" errors="0" failures="0" skipped="0" tests="17" time="47.683" timestamp="2026-04-04T15:05:44.251709+00:00" hostname="agent-env-6f7c1913-39a7-49ca-998c-e7fdb07747b6"><testcase classname="tests.test_backend_api.TestHealth" name="test_health_check" time="0.220" /><testcase classname="tests.test_backend_api.TestAuth" name="test_register_success" time="0.337" /><testcase classname="tests.test_backend_api.TestAuth" name="test_register_duplicate_email" time="0.382" /><testcase classname="tests.test_backend_api.TestAuth" name="test_register_short_password" time="0.104" /><testcase classname="tests.test_backend_api.TestAuth" name="test_login_success" time="0.328" /><testcase classname="tests.test_backend_api.TestAuth" name="test_login_invalid_credentials" time="0.103" /><testcase classname="tests.test_backend_api.TestAuth" name="test_get_me_with_token" time="0.387" /><testcase classname="tests.test_backend_api.TestAuth" name="test_get_me_without_token" time="0.126" /><testcase classname="tests.test_backend_api.TestAuth" name="test_update_profile" time="0.503" /><testcase classname="tests.test_backend_api.TestFridge" name="test_get_empty_fridge" time="0.556" /><testcase classname="tests.test_backend_api.TestFridge" name="test_add_ingredients_manual" time="0.437" /><testcase classname="tests.test_backend_api.TestFridge" name="test_delete_fridge_item" time="0.573" /><testcase classname="tests.test_backend_api.TestRecipes" name="test_generate_recipe_with_ai" time="12.234" /><testcase classname="tests.test_backend_api.TestRecipes" name="test_get_my_recipes" time="0.431" /><testcase classname="tests.test_backend_api.TestRecipes" name="test_get_recipe_detail" time="16.344" /><testcase classname="tests.test_backend_api.TestRecipes" name="test_toggle_favorite" time="13.318" /><testcase classname="tests.test_backend_api.TestRecipes" name="test_get_favorites" time="1.079" /></testsuite></testsuites>